<?xml version="1.0" encoding="UTF-8"?>
<!-- Generated by org.testng.reporters.JUnitReportReporter -->
<testsuite hostname="MSI" failures="0" tests="1" name="QAlegendTestCases.TestCases" time="30.346" errors="0" timestamp="2024-10-08T21:09:08 IST" skipped="0">
  <testcase classname="QAlegendTestCases.TestCases" name="createUser" time="30.346"/>
</testsuite> <!-- QAlegendTestCases.TestCases -->
