<?xml version="1.0" encoding="UTF-8"?>
<!-- Generated by org.testng.reporters.JUnitReportReporter -->
<testsuite hostname="MSI" failures="0" tests="1" name="QAlegendTestCases.TestCases" time="17.729" errors="0" timestamp="2024-10-07T18:29:23 IST" skipped="0">
  <testcase classname="QAlegendTestCases.TestCases" name="variationPage" time="17.729"/>
</testsuite> <!-- QAlegendTestCases.TestCases -->
