<?xml version="1.0" encoding="UTF-8"?>
<!-- Generated by org.testng.reporters.JUnitReportReporter -->
<testsuite hostname="MSI" failures="0" tests="1" name="QAlegendTestCases.TestCases" time="19.621" errors="0" timestamp="2024-09-24T17:34:06 IST" skipped="0">
  <testcase classname="QAlegendTestCases.TestCases" name="customersGroupsPage" time="19.621"/>
</testsuite> <!-- QAlegendTestCases.TestCases -->
